<?xml version="1.0" encoding="UTF-8"?>
<!-- Generated by org.testng.reporters.JUnitXMLReporter -->
<testsuite ignored="0" hostname="Faisals-MacBook-Pro.local" failures="0" tests="3" name="Default test" time="24.527" errors="0" timestamp="30 Jan 2018 11:59:56 GMT">
  <testcase classname="com.test.automation.FrameworkPractice.testScripts.ResultsScript" name="test_Setings" time="1.626"/>
  <testcase classname="com.test.automation.FrameworkPractice.testScripts.ResultsScript" name="test_Signin" time="4.73"/>
  <testcase classname="com.test.automation.FrameworkPractice.testScripts.ResultsScript" name="test_Tools" time="1.389"/>
</testsuite> <!-- Default test -->
