<?xml version="1.0" encoding="UTF-8"?>
<!-- Generated by org.testng.reporters.JUnitXMLReporter -->
<testsuite ignored="0" hostname="Faisals-MacBook-Pro.local" failures="0" tests="3" name="Regression" time="23.736" errors="0" timestamp="05 Feb 2018 07:59:51 GMT">
  <testcase classname="com.test.automation.FrameworkPractice.testScripts.ResultsScript" name="test_Setings" time="1.644"/>
  <testcase classname="com.test.automation.FrameworkPractice.testScripts.ResultsScript" name="test_Signin" time="5.671"/>
  <testcase classname="com.test.automation.FrameworkPractice.testScripts.ResultsScript" name="test_Tools" time="2.042"/>
</testsuite> <!-- Regression -->
