<?xml version="1.0" encoding="UTF-8"?>
<!-- Generated by org.testng.reporters.JUnitXMLReporter -->
<testsuite ignored="0" hostname="Faisals-MacBook-Pro.local" failures="0" tests="2" name="Smoke" time="15.642" errors="0" timestamp="05 Feb 2018 07:59:28 GMT">
  <testcase classname="com.test.automation.FrameworkPractice.testScripts.SearchQueryScript" name="test_FeelingLuckySearch" time="3.75"/>
  <testcase classname="com.test.automation.FrameworkPractice.testScripts.SearchQueryScript" name="test_GoogleSearch" time="1.535"/>
</testsuite> <!-- Smoke -->
